<?xml version="1.0" encoding="UTF-8"?>
<!-- Generated by org.testng.reporters.JUnitXMLReporter -->
<testsuite ignored="2" hostname="DESKTOP-SFAESM4" failures="0" tests="1" name="car loan" time="0.013" errors="0" timestamp="2022-03-12T14:56:33 IST">
  <testcase classname="practice.Day4" name="CarloanAPIlogin" time="0.005"/>
  <testcase classname="practice.Day4" name="Carloanweblogin" time="0.0">
    <ignored/>
  </testcase> <!-- Carloanweblogin -->
  <testcase classname="practice.Day4" name="Carloanmobilelogin" time="0.0">
    <ignored/>
  </testcase> <!-- Carloanmobilelogin -->
</testsuite> <!-- car loan -->
