<?xml version="1.0" encoding="UTF-8"?>
<!-- Generated by org.testng.reporters.JUnitXMLReporter -->
<testsuite ignored="0" hostname="DESKTOP-SFAESM4" failures="0" tests="3" name="home loan" time="0.042" errors="0" timestamp="2022-03-12T14:56:33 IST">
  <testcase classname="practice.Day3" name="HomeloanAPIlogin" time="0.003"/>
  <testcase classname="practice.Day3" name="Homeloanmobilelogin" time="0.004"/>
  <testcase classname="practice.Day3" name="Homeloanweblogin" time="0.003"/>
</testsuite> <!-- home loan -->
