<?xml version="1.0" encoding="UTF-8"?>
<testng-results ignored="0" total="1" passed="1" failed="0" skipped="0">
  <reporter-output>
  </reporter-output>
  <suite started-at="2022-03-13T10:38:32 IST" name="Default suite" finished-at="2022-03-13T10:38:44 IST" duration-ms="11822">
    <groups>
    </groups>
    <test started-at="2022-03-13T10:38:32 IST" name="Default test" finished-at="2022-03-13T10:38:44 IST" duration-ms="11822">
      <class name="ExtentReports.ExtentReports.ExtentreportsDemo">
        <test-method is-config="true" signature="config()[pri:0, instance:ExtentReports.ExtentReports.ExtentreportsDemo@82de64a]" started-at="2022-03-13T10:38:32 IST" name="config" finished-at="2022-03-13T10:38:33 IST" duration-ms="590" status="PASS">
          <reporter-output>
          </reporter-output>
        </test-method> <!-- config -->
        <test-method signature="initialDemo()[pri:0, instance:ExtentReports.ExtentReports.ExtentreportsDemo@82de64a]" started-at="2022-03-13T10:38:33 IST" name="initialDemo" finished-at="2022-03-13T10:38:44 IST" duration-ms="11159" status="PASS">
          <reporter-output>
          </reporter-output>
        </test-method> <!-- initialDemo -->
      </class> <!-- ExtentReports.ExtentReports.ExtentreportsDemo -->
    </test> <!-- Default test -->
  </suite> <!-- Default suite -->
</testng-results>
