<?xml version="1.0" encoding="UTF-8"?>
<!-- Generated by org.testng.reporters.JUnitXMLReporter -->
<testsuite ignored="0" hostname="DESKTOP-SFAESM4" failures="0" tests="3" name="tittle" time="111.283" errors="0" timestamp="2022-03-18T16:57:04 IST">
  <testcase classname="academy.Homepage" name="basePageNavigation" time="4.058"/>
  <testcase classname="academy.Homepage" name="basePageNavigation" time="1.684"/>
  <testcase classname="academy.Homepage" name="basePageNavigation" time="1.517"/>
</testsuite> <!-- tittle -->
