<?xml version="1.0" encoding="UTF-8"?>
<testng-results ignored="0" total="2" passed="2" failed="0" skipped="0">
  <reporter-output>
  </reporter-output>
  <suite started-at="2022-03-18T17:13:54 IST" name="Default suite" finished-at="2022-03-18T17:15:59 IST" duration-ms="124760">
    <groups>
    </groups>
    <test started-at="2022-03-18T17:13:54 IST" name="Default test" finished-at="2022-03-18T17:15:59 IST" duration-ms="124760">
      <class name="academy.Homepage">
        <test-method is-config="true" signature="initialisedriver()[pri:0, instance:academy.Homepage@1c9f0a20]" started-at="2022-03-18T17:13:54 IST" name="initialisedriver" finished-at="2022-03-18T17:14:10 IST" duration-ms="16249" status="PASS">
          <reporter-output>
          </reporter-output>
        </test-method> <!-- initialisedriver -->
        <test-method signature="basePageNavigation(java.lang.String,java.lang.String)[pri:0, instance:academy.Homepage@1c9f0a20]" started-at="2022-03-18T17:14:10 IST" name="basePageNavigation" data-provider="getdata" finished-at="2022-03-18T17:14:17 IST" duration-ms="6880" status="PASS">
          <params>
            <param index="0">
              <value>
                <![CDATA[vinay@gmail.com]]>
              </value>
            </param>
            <param index="1">
              <value>
                <![CDATA[1234]]>
              </value>
            </param>
          </params>
          <reporter-output>
          </reporter-output>
        </test-method> <!-- basePageNavigation -->
        <test-method is-config="true" signature="teadown()[pri:0, instance:academy.Homepage@1c9f0a20]" started-at="2022-03-18T17:14:17 IST" name="teadown" finished-at="2022-03-18T17:14:18 IST" duration-ms="1302" status="PASS">
          <reporter-output>
          </reporter-output>
        </test-method> <!-- teadown -->
        <test-method is-config="true" signature="initialisedriver()[pri:0, instance:academy.Homepage@1c9f0a20]" started-at="2022-03-18T17:14:18 IST" name="initialisedriver" finished-at="2022-03-18T17:15:55 IST" duration-ms="96790" status="PASS">
          <reporter-output>
          </reporter-output>
        </test-method> <!-- initialisedriver -->
        <test-method signature="basePageNavigation(java.lang.String,java.lang.String)[pri:0, instance:academy.Homepage@1c9f0a20]" started-at="2022-03-18T17:15:55 IST" name="basePageNavigation" data-provider="getdata" finished-at="2022-03-18T17:15:57 IST" duration-ms="2338" status="PASS">
          <params>
            <param index="0">
              <value>
                <![CDATA[vijay@gmail.com]]>
              </value>
            </param>
            <param index="1">
              <value>
                <![CDATA[5678]]>
              </value>
            </param>
          </params>
          <reporter-output>
          </reporter-output>
        </test-method> <!-- basePageNavigation -->
        <test-method is-config="true" signature="teadown()[pri:0, instance:academy.Homepage@1c9f0a20]" started-at="2022-03-18T17:15:57 IST" name="teadown" finished-at="2022-03-18T17:15:59 IST" duration-ms="1103" status="PASS">
          <reporter-output>
          </reporter-output>
        </test-method> <!-- teadown -->
      </class> <!-- academy.Homepage -->
    </test> <!-- Default test -->
  </suite> <!-- Default suite -->
</testng-results>
