<?xml version="1.0" encoding="UTF-8"?>
<testng-results ignored="0" total="1" passed="1" failed="0" skipped="0">
  <reporter-output>
  </reporter-output>
  <suite started-at="2022-03-15T17:14:21 IST" name="Default suite" finished-at="2022-03-15T17:14:30 IST" duration-ms="9350">
    <groups>
    </groups>
    <test started-at="2022-03-15T17:14:21 IST" name="Default test" finished-at="2022-03-15T17:14:30 IST" duration-ms="9350">
      <class name="testcases.Loginpage">
        <test-method signature="Login()[pri:0, instance:testcases.Loginpage@4fb3ee4e]" started-at="2022-03-15T17:14:21 IST" name="Login" finished-at="2022-03-15T17:14:30 IST" duration-ms="9249" status="PASS">
          <reporter-output>
          </reporter-output>
        </test-method> <!-- Login -->
      </class> <!-- testcases.Loginpage -->
    </test> <!-- Default test -->
  </suite> <!-- Default suite -->
</testng-results>
