<?xml version="1.0" encoding="UTF-8"?>
<!-- Generated by org.testng.reporters.JUnitXMLReporter -->
<testsuite ignored="0" hostname="DESKTOP-SFAESM4" failures="0" tests="3" name="Test" time="33.951" errors="0" timestamp="2022-04-19T11:56:21 IST">
  <testcase classname="sampleGrid.Googlechrome" name="google" time="16.355"/>
  <testcase classname="sampleGrid.AmazonEdge" name="amazon" time="21.503"/>
  <testcase classname="sampleGrid.RSAinFirefox" name="RsA" time="33.859"/>
</testsuite> <!-- Test -->
