<?xml version="1.0" encoding="UTF-8"?>
<testng-results ignored="0" total="5" passed="5" failed="0" skipped="0">
  <reporter-output>
  </reporter-output>
  <suite started-at="2022-03-12T16:52:02 IST" name="Surefire suite" finished-at="2022-03-12T16:52:18 IST" duration-ms="16555">
    <groups>
    </groups>
    <test started-at="2022-03-12T16:52:02 IST" name="Surefire test" finished-at="2022-03-12T16:52:18 IST" duration-ms="16555">
      <class name="org.demo.project.learning.Sample1Test">
        <test-method signature="login()[pri:0, instance:org.demo.project.learning.Sample1Test@3d34d211]" started-at="2022-03-12T16:52:02 IST" name="login" finished-at="2022-03-12T16:52:18 IST" duration-ms="16474" status="PASS">
          <reporter-output>
          </reporter-output>
        </test-method> <!-- login -->
        <test-method signature="password()[pri:0, instance:org.demo.project.learning.Sample1Test@3d34d211]" started-at="2022-03-12T16:52:18 IST" name="password" finished-at="2022-03-12T16:52:18 IST" duration-ms="1" status="PASS">
          <reporter-output>
          </reporter-output>
        </test-method> <!-- password -->
        <test-method signature="signUp()[pri:0, instance:org.demo.project.learning.Sample1Test@3d34d211]" started-at="2022-03-12T16:52:18 IST" name="signUp" finished-at="2022-03-12T16:52:18 IST" duration-ms="1" status="PASS">
          <reporter-output>
          </reporter-output>
        </test-method> <!-- signUp -->
        <test-method signature="username()[pri:0, instance:org.demo.project.learning.Sample1Test@3d34d211]" started-at="2022-03-12T16:52:18 IST" name="username" finished-at="2022-03-12T16:52:18 IST" duration-ms="1" status="PASS">
          <reporter-output>
          </reporter-output>
        </test-method> <!-- username -->
      </class> <!-- org.demo.project.learning.Sample1Test -->
      <class name="org.demo.project.learning.DemoTest">
        <test-method signature="add()[pri:0, instance:org.demo.project.learning.DemoTest@24313fcc]" started-at="2022-03-12T16:52:02 IST" name="add" finished-at="2022-03-12T16:52:02 IST" duration-ms="10" status="PASS">
          <reporter-output>
          </reporter-output>
        </test-method> <!-- add -->
      </class> <!-- org.demo.project.learning.DemoTest -->
    </test> <!-- Surefire test -->
  </suite> <!-- Surefire suite -->
</testng-results>
