<?xml version="1.0" encoding="UTF-8"?>
<!-- Generated by org.testng.reporters.JUnitXMLReporter -->
<testsuite ignored="0" hostname="DESKTOP-SFAESM4" failures="1" tests="2" name="getTitle" time="50.045" errors="0" timestamp="2022-04-06T13:47:54 IST">
  <testcase classname="academy.gettitle" name="checktitle" time="0.378">
    <failure type="java.lang.AssertionError" message="expected [COURSES] but found [FEATURED COURSES]">
      <![CDATA[java.lang.AssertionError: expected [COURSES] but found [FEATURED COURSES]
at academy.gettitle.checktitle(gettitle.java:40)
at java.base/java.util.ArrayList.forEach(ArrayList.java:1541)
at java.base/java.util.concurrent.FutureTask.run(FutureTask.java:264)
at java.base/java.util.concurrent.ThreadPoolExecutor.runWorker(ThreadPoolExecutor.java:1128)
at java.base/java.util.concurrent.ThreadPoolExecutor$Worker.run(ThreadPoolExecutor.java:628)
at java.base/java.lang.Thread.run(Thread.java:834)
... Removed 24 stack frames]]>
    </failure>
  </testcase> <!-- checktitle -->
  <testcase classname="academy.gettitle" name="validateHeader" time="0.043"/>
</testsuite> <!-- getTitle -->
