<?xml version="1.0" encoding="UTF-8"?>
<!-- Generated by org.testng.reporters.JUnitXMLReporter -->
<testsuite ignored="0" hostname="DESKTOP-SFAESM4" failures="1" tests="1" name="homepage" time="67.453" errors="0" timestamp="2022-03-19T20:34:42 IST">
  <testcase classname="academy.gettitle" name="checktitle" time="0.52">
    <failure type="java.lang.AssertionError" message="expected [ COURSES] but found [FEATURED COURSES]">
      <![CDATA[java.lang.AssertionError: expected [ COURSES] but found [FEATURED COURSES]
at academy.gettitle.checktitle(gettitle.java:42)
at java.base/java.util.ArrayList.forEach(ArrayList.java:1541)
at java.base/java.util.concurrent.FutureTask.run(FutureTask.java:264)
at java.base/java.util.concurrent.ThreadPoolExecutor.runWorker(ThreadPoolExecutor.java:1128)
at java.base/java.util.concurrent.ThreadPoolExecutor$Worker.run(ThreadPoolExecutor.java:628)
at java.base/java.lang.Thread.run(Thread.java:834)
... Removed 24 stack frames]]>
    </failure>
  </testcase> <!-- checktitle -->
</testsuite> <!-- homepage -->
