<?xml version="1.0" encoding="UTF-8"?>
<!-- Generated by org.testng.reporters.JUnitXMLReporter -->
<testsuite ignored="0" hostname="DESKTOP-SFAESM4" failures="1" tests="1" name="Test" time="36.488" errors="0" timestamp="2022-03-17T15:09:49 IST">
  <testcase classname="academy.gettitle" name="checktitle" time="0.346">
    <failure type="java.lang.AssertionError" message="expected [ COURSES] but found [FEATURED COURSES]">
      <![CDATA[java.lang.AssertionError: expected [ COURSES] but found [FEATURED COURSES]
at academy.gettitle.checktitle(gettitle.java:42)
at java.base/java.util.ArrayList.forEach(ArrayList.java:1541)
... Removed 37 stack frames]]>
    </failure>
  </testcase> <!-- checktitle -->
</testsuite> <!-- Test -->
