<?xml version="1.0" encoding="UTF-8"?>
<!-- Generated by org.testng.reporters.JUnitXMLReporter -->
<testsuite ignored="0" hostname="DESKTOP-SFAESM4" failures="0" tests="4" name="sample" time="23.961" errors="0" timestamp="2022-03-12T15:00:26 IST">
  <testcase classname="org.demo.project.learning.Sample1Test" name="login" time="23.85"/>
  <testcase classname="org.demo.project.learning.Sample1Test" name="password" time="0.002"/>
  <testcase classname="org.demo.project.learning.Sample1Test" name="signUp" time="0.002"/>
  <testcase classname="org.demo.project.learning.Sample1Test" name="username" time="0.004"/>
</testsuite> <!-- sample -->
