<?xml version="1.0" encoding="UTF-8"?>
<!-- Generated by org.testng.reporters.JUnitXMLReporter -->
<testsuite ignored="0" hostname="DESKTOP-SFAESM4" failures="0" tests="5" name="Test" time="0.146" errors="0" timestamp="2022-03-12T12:17:54 IST">
  <testcase classname="org.demo.project.learning.DemoTest" name="add" time="0.029"/>
  <testcase classname="org.demo.project.learning.Sample1Test" name="login" time="0.003"/>
  <testcase classname="org.demo.project.learning.Sample1Test" name="password" time="0.003"/>
  <testcase classname="org.demo.project.learning.Sample1Test" name="signUp" time="0.002"/>
  <testcase classname="org.demo.project.learning.Sample1Test" name="username" time="0.002"/>
</testsuite> <!-- Test -->
