-------------------------------------------------------------------------------
Test set: TestSuite
-------------------------------------------------------------------------------
Tests run: 3, Failures: 1, Errors: 0, Skipped: 0, Time elapsed: 52.449 s <<< FAILURE! - in TestSuite
checktitle(academy.gettitle)  Time elapsed: 0.905 s  <<< FAILURE!
java.lang.AssertionError: expected [COURSES] but found [FEATURED COURSES]
	at academy.gettitle.checktitle(gettitle.java:40)

