<?xml version="1.0" encoding="UTF-8"?>
<!-- Generated by org.testng.reporters.JUnitXMLReporter -->
<testsuite ignored="3" hostname="DESKTOP-SFAESM4" failures="0" tests="2" name="car Loan" time="0.012" errors="0" timestamp="2022-03-11T13:47:01 IST">
  <testcase classname="test.Day3" name="CarloanlogininAPI" time="0.002"/>
  <testcase classname="test.Day3" name="Webcarloanlogin" time="0.003"/>
  <testcase classname="test.Day3" name="Mobilecarloanlogin" time="0.0">
    <ignored/>
  </testcase> <!-- Mobilecarloanlogin -->
  <testcase classname="test.Day3" name="Mobilelogout" time="0.0">
    <ignored/>
  </testcase> <!-- Mobilelogout -->
  <testcase classname="test.Day3" name="Mobilesign" time="0.0">
    <ignored/>
  </testcase> <!-- Mobilesign -->
</testsuite> <!-- car Loan -->
