<?xml version="1.0" encoding="UTF-8"?>
<!-- Generated by org.testng.reporters.JUnitXMLReporter -->
<testsuite ignored="0" hostname="DESKTOP-SFAESM4" failures="0" tests="6" name="car and Home loans" time="0.128" errors="0" timestamp="2022-03-10T12:50:37 IST">
  <testcase classname="test.Day3" name="CarloanlogininAPI" time="0.015"/>
  <testcase classname="test.Day3" name="Mobilecarloanlogin" time="0.003"/>
  <testcase classname="test.Day3" name="Webcarloanlogin" time="0.003"/>
  <testcase classname="test.Day4" name="HomeloanlogininAPI" time="0.002"/>
  <testcase classname="test.Day4" name="MobileHomeloanlogin" time="0.006"/>
  <testcase classname="test.Day4" name="Webhomeloanlogin" time="0.005"/>
</testsuite> <!-- car and Home loans -->
