<?xml version="1.0" encoding="UTF-8"?>
<!-- Generated by org.testng.reporters.JUnitXMLReporter -->
<testsuite ignored="1" hostname="DESKTOP-SFAESM4" failures="0" tests="5" name="LoanDepartment" time="0.162" errors="0" timestamp="2022-03-11T13:47:01 IST">
  <testcase classname="test.Day1" name="Demo1" time="0.046"/>
  <testcase classname="test.Day2" name="Demo2" time="0.002"/>
  <testcase classname="test.Day4" name="HomeloanlogininAPI" time="0.001"/>
  <testcase classname="test.Day4" name="MobileHomeloanlogin" time="0.001"/>
  <testcase classname="test.Day4" name="Webhomeloanlogin" time="0.002"/>
  <testcase classname="test.Day1" name="Demo" time="0.0">
    <ignored/>
  </testcase> <!-- Demo -->
</testsuite> <!-- LoanDepartment -->
