<?xml version="1.0" encoding="UTF-8"?>
<!-- Generated by org.testng.reporters.JUnitXMLReporter -->
<testsuite ignored="1" hostname="DESKTOP-SFAESM4" failures="0" tests="2" name="Test" time="0.112" errors="0" timestamp="2022-03-30T19:15:16 IST">
  <testcase classname="test.Day4" name="HomeloanlogininAPI" time="0.019"/>
  <testcase classname="test.Day4" name="MobileHomeloanlogin" time="0.003"/>
  <testcase classname="test.Day4" name="Webhomeloanlogin" time="0.0">
    <ignored/>
  </testcase> <!-- Webhomeloanlogin -->
</testsuite> <!-- Test -->
