<?xml version="1.0" encoding="UTF-8"?>
<!-- Generated by org.testng.reporters.JUnitXMLReporter -->
<testsuite ignored="0" hostname="DESKTOP-SFAESM4" failures="0" tests="1" name="getTitle" time="0.183" errors="0" timestamp="2022-03-30T19:15:45 IST">
  <testcase classname="academy.gettitle" name="@BeforeMethod initialisedriver" time="0.012">
    <failure type="java.lang.NullPointerException">
      <![CDATA[java.lang.NullPointerException
at resource.base.initializingdriver(base.java:42)
at academy.gettitle.initialisedriver(gettitle.java:22)
at java.base/java.util.ArrayList.forEach(ArrayList.java:1541)
at java.base/java.util.concurrent.FutureTask.run(FutureTask.java:264)
at java.base/java.util.concurrent.ThreadPoolExecutor.runWorker(ThreadPoolExecutor.java:1128)
at java.base/java.util.concurrent.ThreadPoolExecutor$Worker.run(ThreadPoolExecutor.java:628)
at java.base/java.lang.Thread.run(Thread.java:834)
... Removed 22 stack frames]]>
    </failure>
  </testcase> <!-- @BeforeMethod initialisedriver -->
  <testcase classname="academy.checknavigationbar" name="@BeforeMethod initialisedriver" time="0.012">
    <failure type="java.lang.NullPointerException">
      <![CDATA[java.lang.NullPointerException
at resource.base.initializingdriver(base.java:42)
at academy.checknavigationbar.initialisedriver(checknavigationbar.java:21)
at java.base/java.util.ArrayList.forEach(ArrayList.java:1541)
at java.base/java.util.concurrent.FutureTask.run(FutureTask.java:264)
at java.base/java.util.concurrent.ThreadPoolExecutor.runWorker(ThreadPoolExecutor.java:1128)
at java.base/java.util.concurrent.ThreadPoolExecutor$Worker.run(ThreadPoolExecutor.java:628)
at java.base/java.lang.Thread.run(Thread.java:834)
... Removed 22 stack frames]]>
    </failure>
  </testcase> <!-- @BeforeMethod initialisedriver -->
  <testcase classname="academy.gettitle" name="@AfterMethod teadown" time="0.0">
    <skipped/>
  </testcase> <!-- @AfterMethod teadown -->
  <testcase classname="academy.checknavigationbar" name="@AfterMethod teadown" time="0.0">
    <skipped/>
  </testcase> <!-- @AfterMethod teadown -->
  <testcase classname="academy.gettitle" name="checktitle" time="0.001">
    <skipped/>
  </testcase> <!-- checktitle -->
</testsuite> <!-- getTitle -->
