<?xml version="1.0" encoding="UTF-8"?>
<!-- Generated by org.testng.reporters.JUnitXMLReporter -->
<testsuite ignored="0" hostname="DESKTOP-SFAESM4" failures="0" tests="5" name="Test" time="190.609" errors="0" timestamp="2022-03-16T23:19:58 IST">
  <testcase classname="academy.Homepage" name="basePageNavigation" time="1.994"/>
  <testcase classname="academy.Homepage" name="basePageNavigation" time="2.137"/>
  <testcase classname="academy.Homepage" name="basePageNavigation" time="2.871"/>
  <testcase classname="academy.gettitle" name="checktitle" time="0.388"/>
  <testcase classname="academy.checknavigationbar" name="checknavbar" time="0.248"/>
</testsuite> <!-- Test -->
