<?xml version="1.0" encoding="UTF-8"?>
<testng-results ignored="2" total="7" passed="5" failed="0" skipped="0">
  <reporter-output>
  </reporter-output>
  <suite started-at="2022-03-12T14:56:33 IST" name="loanproject" finished-at="2022-03-12T14:56:33 IST" duration-ms="326">
    <groups>
    </groups>
    <test started-at="2022-03-12T14:56:33 IST" name="personal loan" finished-at="2022-03-12T14:56:33 IST" duration-ms="76">
      <class name="practice.Day2">
        <test-method is-config="true" signature="beforeTest()[pri:0, instance:practice.Day2@1eb5174b]" started-at="2022-03-12T14:56:33 IST" name="beforeTest" finished-at="2022-03-12T14:56:33 IST" duration-ms="2" status="PASS">
          <reporter-output>
          </reporter-output>
        </test-method> <!-- beforeTest -->
      </class> <!-- practice.Day2 -->
      <class name="practice.day1">
        <test-method signature="demo()[pri:0, instance:practice.day1@34f7cfd9]" started-at="2022-03-12T14:56:33 IST" name="demo" finished-at="2022-03-12T14:56:33 IST" duration-ms="12" status="PASS">
          <reporter-output>
          </reporter-output>
        </test-method> <!-- demo -->
        <test-method is-config="true" signature="demo2()[pri:0, instance:practice.day1@34f7cfd9]" started-at="2022-03-12T14:56:33 IST" name="demo2" finished-at="2022-03-12T14:56:33 IST" duration-ms="1" status="PASS">
          <reporter-output>
          </reporter-output>
        </test-method> <!-- demo2 -->
        <test-method is-config="true" signature="afterTest()[pri:0, instance:practice.day1@34f7cfd9]" started-at="2022-03-12T14:56:33 IST" name="afterTest" finished-at="2022-03-12T14:56:33 IST" duration-ms="1" status="PASS">
          <reporter-output>
          </reporter-output>
        </test-method> <!-- afterTest -->
      </class> <!-- practice.day1 -->
    </test> <!-- personal loan -->
    <test started-at="2022-03-12T14:56:33 IST" name="home loan" finished-at="2022-03-12T14:56:33 IST" duration-ms="42">
      <class name="practice.Day3">
        <test-method signature="HomeloanAPIlogin()[pri:0, instance:practice.Day3@6babf3bf]" started-at="2022-03-12T14:56:33 IST" name="HomeloanAPIlogin" finished-at="2022-03-12T14:56:33 IST" duration-ms="3" status="PASS">
          <reporter-output>
          </reporter-output>
        </test-method> <!-- HomeloanAPIlogin -->
        <test-method signature="Homeloanmobilelogin()[pri:0, instance:practice.Day3@6babf3bf]" started-at="2022-03-12T14:56:33 IST" name="Homeloanmobilelogin" finished-at="2022-03-12T14:56:33 IST" duration-ms="4" status="PASS">
          <reporter-output>
          </reporter-output>
        </test-method> <!-- Homeloanmobilelogin -->
        <test-method signature="Homeloanweblogin()[pri:0, instance:practice.Day3@6babf3bf]" started-at="2022-03-12T14:56:33 IST" name="Homeloanweblogin" finished-at="2022-03-12T14:56:33 IST" duration-ms="3" status="PASS">
          <reporter-output>
          </reporter-output>
        </test-method> <!-- Homeloanweblogin -->
      </class> <!-- practice.Day3 -->
    </test> <!-- home loan -->
    <test started-at="2022-03-12T14:56:33 IST" name="car loan" finished-at="2022-03-12T14:56:33 IST" duration-ms="13">
      <class name="practice.Day2">
        <test-method is-config="true" signature="demo1()[pri:0, instance:practice.Day2@1eb5174b]" started-at="2022-03-12T14:56:33 IST" name="demo1" finished-at="2022-03-12T14:56:33 IST" duration-ms="1" status="PASS">
          <reporter-output>
          </reporter-output>
        </test-method> <!-- demo1 -->
      </class> <!-- practice.Day2 -->
      <class name="practice.Day4">
        <test-method signature="CarloanAPIlogin()[pri:0, instance:practice.Day4@759d26fb]" started-at="2022-03-12T14:56:33 IST" name="CarloanAPIlogin" finished-at="2022-03-12T14:56:33 IST" duration-ms="5" status="PASS">
          <reporter-output>
          </reporter-output>
        </test-method> <!-- CarloanAPIlogin -->
      </class> <!-- practice.Day4 -->
      <class name="practice.Day3">
        <test-method is-config="true" signature="login()[pri:0, instance:practice.Day3@6babf3bf]" started-at="2022-03-12T14:56:33 IST" name="login" finished-at="2022-03-12T14:56:33 IST" duration-ms="16" status="PASS">
          <reporter-output>
          </reporter-output>
        </test-method> <!-- login -->
      </class> <!-- practice.Day3 -->
    </test> <!-- car loan -->
  </suite> <!-- loanproject -->
</testng-results>
