<?xml version="1.0" encoding="UTF-8"?>
<testng-results ignored="1" total="3" passed="2" failed="0" skipped="0">
  <reporter-output>
  </reporter-output>
  <suite started-at="2022-03-30T19:15:16 IST" name="Suite" finished-at="2022-03-30T19:15:16 IST" duration-ms="112">
    <groups>
    </groups>
    <test started-at="2022-03-30T19:15:16 IST" name="Test" finished-at="2022-03-30T19:15:16 IST" duration-ms="112">
      <class name="test.Day4">
        <test-method signature="HomeloanlogininAPI()[pri:0, instance:test.Day4@429bffaa]" started-at="2022-03-30T19:15:16 IST" name="HomeloanlogininAPI" finished-at="2022-03-30T19:15:16 IST" duration-ms="19" status="PASS">
          <reporter-output>
          </reporter-output>
        </test-method> <!-- HomeloanlogininAPI -->
        <test-method signature="MobileHomeloanlogin()[pri:0, instance:test.Day4@429bffaa]" started-at="2022-03-30T19:15:16 IST" name="MobileHomeloanlogin" finished-at="2022-03-30T19:15:16 IST" duration-ms="3" status="PASS">
          <reporter-output>
          </reporter-output>
        </test-method> <!-- MobileHomeloanlogin -->
      </class> <!-- test.Day4 -->
    </test> <!-- Test -->
  </suite> <!-- Suite -->
</testng-results>
