<?xml version="1.0" encoding="UTF-8"?>
<!-- Generated by org.testng.reporters.JUnitXMLReporter -->
<testsuite ignored="0" hostname="DESKTOP-SFAESM4" failures="1" tests="2" name="Test" time="26.221" errors="0" timestamp="2022-04-18T15:15:14 IST">
  <testcase classname="com.mystore.testcases.IndexPageTest" name="verifyLogo" time="0.347"/>
  <testcase classname="com.mystore.testcases.IndexPageTest" name="verifyTitle" time="0.02">
    <failure type="java.lang.AssertionError" message="expected [My Store1] but found [My Store]">
      <![CDATA[java.lang.AssertionError: expected [My Store1] but found [My Store]
at com.mystore.testcases.IndexPageTest.verifyTitle(IndexPageTest.java:50)
at java.base/java.util.ArrayList.forEach(ArrayList.java:1541)
... Removed 33 stack frames]]>
    </failure>
  </testcase> <!-- verifyTitle -->
</testsuite> <!-- Test -->
