<?xml version="1.0" encoding="UTF-8"?>
<!-- Generated by org.testng.reporters.JUnitXMLReporter -->
<testsuite ignored="0" hostname="DESKTOP-SFAESM4" failures="0" tests="5" name="Surefire test" time="16.555" errors="0" timestamp="2022-03-12T16:52:18 IST">
  <testcase classname="org.demo.project.learning.DemoTest" name="add" time="0.01"/>
  <testcase classname="org.demo.project.learning.Sample1Test" name="login" time="16.474"/>
  <testcase classname="org.demo.project.learning.Sample1Test" name="password" time="0.001"/>
  <testcase classname="org.demo.project.learning.Sample1Test" name="signUp" time="0.001"/>
  <testcase classname="org.demo.project.learning.Sample1Test" name="username" time="0.001"/>
</testsuite> <!-- Surefire test -->
